ant
aom
berkeley-db@5
boost
brotli
ca-certificates
cairo
cgal
clisp
eigen
exa
fastjet
fontconfig
freetype
gawk
gcc
gd
gdbm
gettext
gh
ghostscript
giflib
glib
gmp
graphite2
harfbuzz
highway
icu4c
imagemagick
imath
isl
ispell
jasper
jbig2dec
jpeg-turbo
jpeg-xl
krb5
libavif
libde265
libgit2
libheif
libidn
libidn2
liblqr
libmpc
libomp
libpng
libraw
libsigsegv
libssh2
libtermkey
libtiff
libtool
libunistring
libuv
libvmaf
libvterm
libx11
libxau
libxcb
libxdmcp
libxext
libxft
libxrender
little-cms2
lua
luajit
luv
lz4
lzo
m4
madgraph5_amcatnlo
mpdecimal
mpfr
msgpack
neovim
openexr
openjdk
openjpeg
openssl@3
pcre2
perl
pixman
plotutils
postgresql@15
potrace
powerlevel10k
pstoedit
pygments
python@3.10
python@3.11
readline
shared-mime-info
six
sqlite
texlive
tree-sitter
unibilium
webp
wget
x265
xorgproto
xz
zstd
appcleaner
bibdesk
browserosaurus
coteditor
dropbox
eloston-chromium
firefox
google-drive
iina
iterm2
itsycal
keepassxc
latexit
mattermost
miniforge
monitorcontrol
obsidian
openinterminal
raycast
skim
skype
telegram
tor-browser
visual-studio-code
whatsapp
xquartz
zoom
